0 info it worked if it ends with ok
1 verbose cli [ 'node', '/usr/local/bin/npm', 'install' ]
2 info using npm@2.1.18
3 info using node@v0.10.35
4 verbose node symlink /usr/local/bin/node
5 verbose config Skipping project config: /Users/jack.obeney/.npmrc. (matches userconfig)
6 error install Couldn't read dependencies
7 verbose stack Error: ENOENT, open '/Users/jack.obeney/package.json'
8 verbose cwd /Users/jack.obeney/projects/meteor/dungeonHelper
9 error Darwin 13.4.0
10 error argv "node" "/usr/local/bin/npm" "install"
11 error node v0.10.35
12 error npm  v2.1.18
13 error path /Users/jack.obeney/package.json
14 error code ENOPACKAGEJSON
15 error errno 34
16 error package.json ENOENT, open '/Users/jack.obeney/package.json'
16 error package.json This is most likely not a problem with npm itself.
16 error package.json npm can't find a package.json file in your current directory.
17 verbose exit [ 34, true ]
